[2025-04-24 03:03:53,857] INFO [__main__.py:60] - Output log being saved to: results\output_20250424-030353.txt
[2025-04-24 03:03:53,858] INFO [__main__.py:567] - Starting Community Detection Pipeline
[2025-04-24 03:03:53,860] INFO [__main__.py:578] - Loading configuration from config.yaml
[2025-04-24 03:03:53,862] INFO [__main__.py:597] - Configuration: data_dir=data, sample_size=100000, size_threshold=5000, target_subcommunities=5, modularity_threshold=0.3
[2025-04-24 03:03:53,862] INFO [__main__.py:600] - Performance settings: max_iterations=30, time_limit=18000s, fast_mode=True
[2025-04-24 03:03:53,862] INFO [__main__.py:601] - File settings: input_edge_file=undirected.txt, ground_truth_file=ground_truth.txt
[2025-04-24 03:03:53,863] INFO [data_io.py:234] - Loading graph from cached pickle: data\livejournal_100000.pkl
[2025-04-24 03:03:53,958] INFO [__main__.py:617] - Graph loaded in 0.09 seconds
[2025-04-24 03:03:53,958] INFO [data_io.py:195] - Ground truth file is available at: data\undirected.txt
[2025-04-24 03:03:53,959] INFO [__main__.py:196] - Analyzing graph structure...
[2025-04-24 03:03:54,150] INFO [__main__.py:231] - Graph has 145211 nodes and 92918 edges (density: 0.000009)
[2025-04-24 03:03:54,150] INFO [__main__.py:232] - Graph has 53051 connected components
[2025-04-24 03:03:54,150] INFO [__main__.py:233] - Largest component has 10611 nodes (7.31% of graph)
[2025-04-24 03:03:54,151] WARNING [__main__.py:236] - Graph is disconnected with 53051 components - metrics may be affected
[2025-04-24 03:03:54,154] INFO [__main__.py:239] - Component size distribution: 10611 nodes: 1 components, 246 nodes: 1 components, 145 nodes: 1 components, 113 nodes: 1 components, 63 nodes: 1 components, 62 nodes: 1 components, 61 nodes: 1 components, 57 nodes: 1 components, 54 nodes: 1 components, 53 nodes: 1 components
[2025-04-24 03:03:54,161] INFO [__main__.py:637] - Using ground truth file: ground_truth.txt
[2025-04-24 03:03:54,161] INFO [__main__.py:372] - Looking for ground truth files in: data
[2025-04-24 03:03:54,161] INFO [__main__.py:377] - Checking for ground truth file at: data\ground_truth.txt
[2025-04-24 03:03:54,161] INFO [__main__.py:380] - Found ground truth file: data\ground_truth.txt
[2025-04-24 03:03:54,162] INFO [__main__.py:311] - Attempting to load ground truth from: data\ground_truth.txt
[2025-04-24 03:03:54,910] INFO [__main__.py:358] - Loaded ground truth from edge file with 256109 nodes across 216518 communities
[2025-04-24 03:03:54,982] INFO [__main__.py:438] - Filtered ground truth from 256109 to 92371 nodes
[2025-04-24 03:03:55,004] INFO [__main__.py:653] - Ground truth loaded successfully with 92371 nodes and 85616 communities
[2025-04-24 03:03:55,015] INFO [evaluation.py:381] - Evaluating community detection results
[2025-04-24 03:03:55,015] WARNING [evaluation.py:412] - Large graph detected (145211 nodes) - using optimized metrics
[2025-04-24 03:03:55,147] WARNING [evaluation.py:447] - Graph has 53051 connected components (largest: 10611 nodes)
[2025-04-24 03:03:55,147] WARNING [evaluation.py:448] - Metrics may be affected by graph disconnectivity
[2025-04-24 03:03:55,578] INFO [evaluation.py:452] - Modularity: 0.0000
[2025-04-24 03:03:55,737] INFO [evaluation.py:463] - Average conductance: 0.0000
[2025-04-24 03:03:55,737] WARNING [evaluation.py:467] - Very low conductance likely due to graph disconnectivity (few edges between components)
[2025-04-24 03:03:56,225] INFO [evaluation.py:285] - NMI calculated on 92371 overlapping nodes: 0.0000
[2025-04-24 03:03:56,228] INFO [evaluation.py:515] - Normalized Mutual Information: 0.0000
[2025-04-24 03:03:56,233] INFO [evaluation.py:557] - Evaluation completed in 1.22 seconds
[2025-04-24 03:03:56,242] INFO [__main__.py:672] - Baseline metrics - Modularity: 0.0000, Conductance: 0.0000
[2025-04-24 03:04:15,649] INFO [evaluation.py:381] - Evaluating community detection results
[2025-04-24 03:04:15,649] WARNING [evaluation.py:412] - Large graph detected (145211 nodes) - using optimized metrics
[2025-04-24 03:04:15,808] WARNING [evaluation.py:447] - Graph has 53051 connected components (largest: 10611 nodes)
[2025-04-24 03:04:15,809] WARNING [evaluation.py:448] - Metrics may be affected by graph disconnectivity
[2025-04-24 03:04:16,353] WARNING [evaluation.py:41] - Very high modularity (0.9977) with 53051 connected components.
[2025-04-24 03:04:16,354] WARNING [evaluation.py:42] - This is expected for disconnected graphs, as each component naturally forms a community.
[2025-04-24 03:04:16,356] INFO [evaluation.py:452] - Modularity: 0.9977
[2025-04-24 03:04:16,435] INFO [evaluation.py:459] - Computed conductance for 1000/53083 communities (sampled)
[2025-04-24 03:04:16,436] INFO [evaluation.py:463] - Average conductance: 0.0003
[2025-04-24 03:04:16,436] WARNING [evaluation.py:467] - Very low conductance likely due to graph disconnectivity (few edges between components)
[2025-04-24 03:04:17,323] INFO [evaluation.py:285] - NMI calculated on 92371 overlapping nodes: 0.9469
[2025-04-24 03:04:17,327] INFO [evaluation.py:515] - Normalized Mutual Information: 0.9469
[2025-04-24 03:04:17,332] INFO [evaluation.py:557] - Evaluation completed in 1.68 seconds
[2025-04-24 03:04:17,345] INFO [__main__.py:687] - Initial Louvain: 53083 communities
[2025-04-24 03:04:17,345] INFO [__main__.py:688] - Louvain metrics - Modularity: 0.9977, Conductance: 0.0003
[2025-04-24 03:04:17,345] INFO [__main__.py:689] - Improvement from baseline - Modularity: +0.9977
[2025-04-24 03:04:17,345] INFO [__main__.py:697] - Large graph with many components: checking if Girvan-Newman refinement is needed
[2025-04-24 03:04:17,345] INFO [__main__.py:700] - High modularity detected from Louvain. Skipping Girvan-Newman refinement.
[2025-04-24 03:04:17,346] INFO [__main__.py:745] - After refinement: 53083 communities
[2025-04-24 03:04:17,346] INFO [__main__.py:746] - GN metrics - Modularity: 0.9977, Conductance: 0.0003
[2025-04-24 03:04:20,419] INFO [evaluation.py:381] - Evaluating community detection results
[2025-04-24 03:04:20,420] WARNING [evaluation.py:412] - Large graph detected (145211 nodes) - using optimized metrics
[2025-04-24 03:04:20,670] WARNING [evaluation.py:447] - Graph has 53051 connected components (largest: 10611 nodes)
[2025-04-24 03:04:20,671] WARNING [evaluation.py:448] - Metrics may be affected by graph disconnectivity
[2025-04-24 03:04:21,275] WARNING [evaluation.py:41] - Very high modularity (0.9648) with 53051 connected components.
[2025-04-24 03:04:21,276] WARNING [evaluation.py:42] - This is expected for disconnected graphs, as each component naturally forms a community.
[2025-04-24 03:04:21,278] INFO [evaluation.py:452] - Modularity: 0.9648
[2025-04-24 03:04:21,346] INFO [evaluation.py:459] - Computed conductance for 1000/56005 communities (sampled)
[2025-04-24 03:04:21,347] INFO [evaluation.py:463] - Average conductance: 0.0191
[2025-04-24 03:04:22,147] INFO [evaluation.py:285] - NMI calculated on 92371 overlapping nodes: 0.9664
[2025-04-24 03:04:22,151] INFO [evaluation.py:515] - Normalized Mutual Information: 0.9664
[2025-04-24 03:04:22,428] INFO [evaluation.py:554] - Description length: 0.1258
[2025-04-24 03:04:22,429] INFO [evaluation.py:557] - Evaluation completed in 2.01 seconds
[2025-04-24 03:04:22,439] INFO [__main__.py:767] - Final communities: 56005 communities
[2025-04-24 03:04:22,439] INFO [__main__.py:768] - Infomap metrics - Modularity: 0.9648, Conductance: 0.0191
[2025-04-24 03:04:22,440] INFO [__main__.py:769] - Improvement from GN - Modularity: -0.0329
[2025-04-24 03:04:22,466] INFO [__main__.py:790] - Creating community visualization...
[2025-04-24 03:04:22,743] WARNING [community_visualization.py:38] - Graph is highly disconnected (53051 components for 145211 nodes)
[2025-04-24 03:04:22,743] WARNING [community_visualization.py:39] - Visualization may be limited or simplified for this type of graph
[2025-04-24 03:04:23,348] INFO [community_visualization.py:72] - Preparing to visualize 145211 nodes, 92918 edges in 56005 communities
[2025-04-24 03:04:23,688] INFO [community_visualization.py:103] - Community size summary saved to community_visualizations\community_size_summary.png
[2025-04-24 03:04:23,691] INFO [community_visualization.py:120] - Computing layout for top 20 communities subgraph...
[2025-04-24 03:04:24,464] INFO [community_visualization.py:210] - Top communities visualization saved to community_visualizations\top_communities_visualization.png
[2025-04-24 03:04:24,464] INFO [community_visualization.py:218] - Skipping community interconnection visualization for highly disconnected graph
[2025-04-24 03:04:24,465] INFO [community_visualization.py:327] - Creating detailed visualizations for top 5 communities...
[2025-04-24 03:04:24,722] INFO [community_visualization.py:405] - Detailed visualization for community 0 saved to community_visualizations\detailed_communities\community_0_detail.png
[2025-04-24 03:04:24,983] INFO [community_visualization.py:405] - Detailed visualization for community 1 saved to community_visualizations\detailed_communities\community_1_detail.png
[2025-04-24 03:04:25,247] INFO [community_visualization.py:405] - Detailed visualization for community 2 saved to community_visualizations\detailed_communities\community_2_detail.png
[2025-04-24 03:04:25,495] INFO [community_visualization.py:405] - Detailed visualization for community 3 saved to community_visualizations\detailed_communities\community_3_detail.png
[2025-04-24 03:04:25,751] INFO [community_visualization.py:405] - Detailed visualization for community 4 saved to community_visualizations\detailed_communities\community_4_detail.png
[2025-04-24 03:04:25,777] INFO [community_visualization.py:512] - Comprehensive visualization report saved to community_visualizations\community_report.html
[2025-04-24 03:04:26,106] INFO [__main__.py:166] - Evaluation metrics saved to results\metrics_20250424-030425.json
[2025-04-24 03:04:26,108] INFO [__main__.py:796] - Evaluation metrics saved to results\metrics_20250424-030425.json
[2025-04-24 03:04:26,463] INFO [__main__.py:551] - Metrics comparison plot saved to results\metrics_comparison.png
[2025-04-24 03:04:26,464] INFO [__main__.py:803] - Metrics comparison plot saved to results\metrics_comparison.png
[2025-04-24 03:04:26,464] INFO [__main__.py:809] - ==================================================
[2025-04-24 03:04:26,464] INFO [__main__.py:810] - NORMALIZED MUTUAL INFORMATION (NMI) RESULTS
[2025-04-24 03:04:26,464] INFO [__main__.py:811] - ==================================================
[2025-04-24 03:04:26,464] INFO [__main__.py:812] - NMI measures similarity between detected communities and ground truth (0-1, higher is better)
[2025-04-24 03:04:26,465] INFO [__main__.py:813] -   - Baseline: 0.0000
[2025-04-24 03:04:26,465] INFO [__main__.py:814] -   - Louvain:  0.9469
[2025-04-24 03:04:26,465] INFO [__main__.py:815] -   - GN:       0.9469
[2025-04-24 03:04:26,465] INFO [__main__.py:816] -   - Infomap:  0.9664
[2025-04-24 03:04:26,465] INFO [__main__.py:834] - ==================================================
[2025-04-24 03:04:26,465] INFO [__main__.py:835] - COMMUNITY DETECTION PIPELINE SUMMARY
[2025-04-24 03:04:26,465] INFO [__main__.py:836] - ==================================================
[2025-04-24 03:04:26,491] INFO [__main__.py:837] - Nodes: 145211, Edges: 92918
[2025-04-24 03:04:26,491] INFO [__main__.py:838] - Graph density: 0.000009
[2025-04-24 03:04:26,491] INFO [__main__.py:839] - Connected components: 53051
[2025-04-24 03:04:26,492] WARNING [__main__.py:843] - IMPORTANT: Graph is highly disconnected - metrics may not be meaningful
[2025-04-24 03:04:26,492] WARNING [__main__.py:844] - High number of connected components (53051) may explain high modularity values
[2025-04-24 03:04:26,492] INFO [__main__.py:846] - Final number of communities: 56005
[2025-04-24 03:04:26,493] INFO [__main__.py:847] - Stage-by-stage modularity:
[2025-04-24 03:04:26,493] INFO [__main__.py:848] -   - Baseline: 0.0000
[2025-04-24 03:04:26,493] INFO [__main__.py:849] -   - Louvain:  0.9977 (delta: +0.9977)
[2025-04-24 03:04:26,493] INFO [__main__.py:850] -   - GN:       0.9977 (delta: 0.0000)
[2025-04-24 03:04:26,493] INFO [__main__.py:851] -   - Infomap:  0.9648 (delta: -0.0329)
[2025-04-24 03:04:26,493] INFO [__main__.py:852] - Overall improvement: +0.9648
[2025-04-24 03:04:26,493] INFO [__main__.py:856] - NOTE: The high modularity values are likely due to many disconnected components in the graph
[2025-04-24 03:04:26,494] INFO [__main__.py:857] -       Each component forms its own natural community with no external edges
[2025-04-24 03:04:26,494] INFO [__main__.py:859] - Visualization saved to: community_visualizations\community_report.html
[2025-04-24 03:04:26,494] INFO [__main__.py:860] - Metrics saved to: results\metrics_20250424-030425.json
[2025-04-24 03:04:26,494] INFO [__main__.py:861] - Total runtime: 32.61 seconds
[2025-04-24 03:04:26,494] INFO [__main__.py:862] - ==================================================
[2025-04-24 03:04:26,495] INFO [__main__.py:865] - Pipeline execution completed successfully.
[2025-04-24 03:04:26,495] INFO [__main__.py:866] - Output log has been saved to: results\output_20250424-030426.txt
